# Stacks v2.68;  Phylip interleaved; November 17, 2025
# Locus ID	LocusCnt	Sequence position	Length
333	1	1	107	VWZP01000015.1	209620
770	2	108	96	VWZP01000046.1	168982
857	3	204	96	VWZP01000054.1	172161
1362	4	300	95	VWZP01000136.1	201563
1628	5	395	95	VWZP01000141.1	450363
1676	6	490	102	VWZP01000141.1	765636
2033	7	592	96	VWZP01000199.1	221418
2253	8	688	100	VWZP01000201.1	630833
2259	9	788	96	VWZP01000201.1	647372
2799	10	884	96	VWZP01000213.1	504898
2833	11	980	100	VWZP01000213.1	628735
3115	12	1080	97	VWZP01000218.1	1027133
3389	13	1177	95	VWZP01000227.1	461257
3398	14	1272	96	VWZP01000227.1	490127
3538	15	1368	96	VWZP01000227.1	945557
3931	16	1464	97	VWZP01000227.1	2330472
4002	17	1561	96	VWZP01000229.1	202826
4019	18	1657	95	VWZP01000229.1	276230
4252	19	1752	98	VWZP01000229.1	1150452
4606	20	1850	95	VWZP01000283.1	99533
5083	21	1945	95	VWZP01000293.1	360007
5332	22	2040	96	VWZP01000395.1	116979
5407	23	2136	96	VWZP01000395.1	416332
5794	24	2232	96	VWZP01000401.1	121341
5854	25	2328	96	VWZP01000406.1	119751
5973	26	2424	95	VWZP01000406.1	654611
5993	27	2519	95	VWZP01000406.1	753548
6392	28	2614	95	VWZP01000481.1	1745341
6459	29	2709	96	VWZP01000481.1	2132400
6638	30	2805	96	VWZP01000482.1	343068
6927	31	2901	98	VWZP01000487.1	310259
7057	32	2999	95	VWZP01000494.1	109238
7207	33	3094	96	VWZP01000494.1	881746
7214	34	3190	98	VWZP01000494.1	916309
7657	35	3288	96	VWZP01000505.1	103523
7910	36	3384	129	VWZP01000514.1	94350
8008	37	3513	96	VWZP01000516.1	416790
8286	38	3609	113	VWZP01000550.1	885647
8352	39	3722	106	VWZP01000604.1	55679
8735	40	3828	95	VWZP01000611.1	165192
9325	41	3923	96	VWZP01000666.1	44870
9413	42	4019	95	VWZP01000666.1	454155
9577	43	4114	96	VWZP01000730.1	410749
9655	44	4210	96	VWZP01000730.1	753686
9856	45	4306	96	VWZP01000751.1	443306
9975	46	4402	95	VWZP01000751.1	898253
10008	47	4497	100	VWZP01000751.1	1033836
10055	48	4597	97	VWZP01000751.1	1258528
10210	49	4694	96	VWZP01000751.1	1995167
10315	50	4790	95	VWZP01000761.1	90522
10341	51	4885	96	VWZP01000761.1	132035
10360	52	4981	96	VWZP01000761.1	201414
10537	53	5077	95	VWZP01000836.1	7195
10845	54	5172	96	VWZP01000837.1	565939
10872	55	5268	96	VWZP01000837.1	668291
10961	56	5364	96	VWZP01000837.1	1033125
11235	57	5460	100	VWZP01000837.1	2018272
11338	58	5560	96	VWZP01000837.1	2367518
11588	59	5656	99	VWZP01000846.1	761616
11895	60	5755	96	VWZP01000863.1	40622
11926	61	5851	96	VWZP01000863.1	188265
12170	62	5947	98	VWZP01000866.1	80791
12204	63	6045	95	VWZP01000866.1	150396
12505	64	6140	102	VWZP01000874.1	10214
12815	65	6242	95	VWZP01000963.1	34402
13189	66	6337	98	VWZP01000970.1	93236
13312	67	6435	95	VWZP01000976.1	62528
13325	68	6530	96	VWZP01000976.1	138969
13421	69	6626	96	VWZP01000976.1	629312
13619	70	6722	95	VWZP01000980.1	17482
13628	71	6817	96	VWZP01000980.1	67548
13632	72	6913	96	VWZP01000980.1	83600
13686	73	7009	95	VWZP01000980.1	306651
13827	74	7104	100	VWZP01000982.1	447204
14216	75	7204	97	VWZP01000982.1	1766598
14469	76	7301	99	VWZP01000982.1	2711243
14935	77	7400	96	VWZP01000992.1	223128
15273	78	7496	95	VWZP01001100.1	209392
15348	79	7591	95	VWZP01001103.1	161898
15806	80	7686	96	VWZP01001127.1	392296
15832	81	7782	96	VWZP01001128.1	19367
16302	82	7878	100	VWZP01001128.1	1488448
16513	83	7978	103	VWZP01001128.1	2276711
16738	84	8081	96	VWZP01001128.1	3214752
16744	85	8177	97	VWZP01001128.1	3246888
17170	86	8274	99	VWZP01001133.1	98744
17597	87	8373	102	VWZP01001138.1	51121
17818	88	8475	95	VWZP01001140.1	184720
18350	89	8570	105	VWZP01001207.1	22504
18366	90	8675	97	VWZP01001207.1	61822
18557	91	8772	95	VWZP01001207.1	831943
18667	92	8867	97	VWZP01001207.1	1429157
18805	93	8964	99	VWZP01001207.1	2053657
19035	94	9063	96	VWZP01001276.1	373753
19158	95	9159	96	VWZP01001285.1	264880
19290	96	9255	96	VWZP01001285.1	900659
19365	97	9351	97	VWZP01001285.1	1186876
19522	98	9448	120	VWZP01001285.1	2027883
19765	99	9568	95	VWZP01001296.1	329380
19908	100	9663	95	VWZP01001297.1	863799
19921	101	9758	96	VWZP01001297.1	922427
20180	102	9854	99	VWZP01001339.1	123381
20341	103	9953	96	VWZP01001339.1	1101100
20401	104	10049	100	VWZP01001339.1	1303450
20657	105	10149	95	VWZP01001397.1	357445
20776	106	10244	96	VWZP01001398.1	417848
20807	107	10340	96	VWZP01001398.1	566331
20872	108	10436	96	VWZP01001398.1	773785
21312	109	10532	95	VWZP01001404.1	204758
21347	110	10627	96	VWZP01001404.1	330020
21456	111	10723	95	VWZP01001408.1	297309
21744	112	10818	95	VWZP01001408.1	1422621
21898	113	10913	96	VWZP01001410.1	117950
21969	114	11009	96	VWZP01001410.1	398211
22412	115	11105	95	VWZP01001424.1	1043161
22626	116	11200	96	VWZP01001428.1	129279
23404	117	11296	96	VWZP01001440.1	2581872
23462	118	11392	96	VWZP01001440.1	2737012
23736	119	11488	96	VWZP01001440.1	3791335
23754	120	11584	95	VWZP01001440.1	3874088
24052	121	11679	96	VWZP01001440.1	5319258
24129	122	11775	105	VWZP01001440.1	5861889
24214	123	11880	98	VWZP01001447.1	18783
24477	124	11978	96	VWZP01001456.1	614088
24530	125	12074	96	VWZP01001457.1	77796
24535	126	12170	96	VWZP01001457.1	95072
24888	127	12266	98	VWZP01001457.1	1392893
25149	128	12364	100	VWZP01001462.1	595459
25322	129	12464	96	VWZP01001463.1	360858
25747	130	12560	107	VWZP01001480.1	47808
25852	131	12667	101	VWZP01001480.1	290320
25887	132	12768	95	VWZP01001480.1	393240
25903	133	12863	97	VWZP01001480.1	415567
25990	134	12960	97	VWZP01001483.1	38961
26280	135	13057	97	VWZP01001498.1	47924
26467	136	13154	97	VWZP01001589.1	365139
26754	137	13251	108	VWZP01001589.1	1170185
26828	138	13359	96	VWZP01001589.1	1337054
27245	139	13455	97	VWZP01001589.1	2603566
27287	140	13552	99	VWZP01001589.1	2745824
27421	141	13651	98	VWZP01001589.1	3132209
27467	142	13749	96	VWZP01001589.1	3335332
27488	143	13845	95	VWZP01001590.1	53897
27548	144	13940	96	VWZP01001590.1	331629
27593	145	14036	108	VWZP01001590.1	489236
27671	146	14144	96	VWZP01001591.1	55791
28314	147	14240	96	VWZP01001604.1	234587
28438	148	14336	96	VWZP01001615.1	92398
28447	149	14432	95	VWZP01001615.1	111419
28490	150	14527	97	VWZP01001615.1	239777
28578	151	14624	99	VWZP01001621.1	127097
28607	152	14723	95	VWZP01001636.1	11193
28996	153	14818	96	VWZP01001730.1	40541
29002	154	14914	95	VWZP01001730.1	66073
29335	155	15009	98	VWZP01001738.1	151629
29376	156	15107	95	VWZP01001738.1	272564
29419	157	15202	96	VWZP01001738.1	416029
30910	158	15298	101	VWZP01001883.1	656599
30930	159	15399	100	VWZP01001883.1	730467
31259	160	15499	95	VWZP01001883.1	1576509
31266	161	15594	103	VWZP01001883.1	1585282
31451	162	15697	96	VWZP01001885.1	18893
31461	163	15793	98	VWZP01001885.1	38773
31726	164	15891	96	VWZP01001887.1	455715
31976	165	15987	96	VWZP01001888.1	152341
32199	166	16083	95	VWZP01001888.1	648365
32208	167	16178	96	VWZP01001888.1	689578
32222	168	16274	96	VWZP01001888.1	723421
32234	169	16370	97	VWZP01001888.1	728657
32259	170	16467	96	VWZP01001888.1	801234
32274	171	16563	95	VWZP01001888.1	815984
32485	172	16658	99	VWZP01001888.1	1465089
32584	173	16757	97	VWZP01001888.1	1751093
32693	174	16854	96	VWZP01001888.1	2085620
32958	175	16950	96	VWZP01001888.1	2902150
33503	176	17046	95	VWZP01001895.1	90660
33560	177	17141	102	VWZP01001895.1	275682
33760	178	17243	97	VWZP01001896.1	635119
33776	179	17340	96	VWZP01001896.1	797971
33886	180	17436	97	VWZP01001896.1	1566209
34008	181	17533	99	VWZP01001896.1	2367369
34174	182	17632	96	VWZP01001896.1	3068487
34184	183	17728	96	VWZP01001896.1	3076651
34257	184	17824	103	VWZP01001896.1	3440068
34661	185	17927	96	VWZP01001933.1	157209
34721	186	18023	97	VWZP01001961.1	71808
35013	187	18120	96	VWZP01001962.1	709177
35089	188	18216	105	VWZP01001962.1	1077176
35210	189	18321	96	VWZP01001962.1	1799616
35570	190	18417	96	VWZP01001966.1	1141023
35764	191	18513	96	VWZP01001966.1	1996020
35963	192	18609	95	VWZP01001966.1	2721132
36579	193	18704	96	VWZP01002027.1	152975
37107	194	18800	96	VWZP01002089.1	524749
37217	195	18896	98	VWZP01002136.1	421372
37497	196	18994	96	VWZP01002143.1	435697
37689	197	19090	96	VWZP01002147.1	518677
37895	198	19186	97	VWZP01002149.1	455121
38144	199	19283	95	VWZP01002149.1	1313474
38295	200	19378	98	VWZP01002149.1	1859805
38406	201	19476	96	VWZP01002151.1	492131
38523	202	19572	97	VWZP01002160.1	66389
39384	203	19669	96	VWZP01002201.1	511564
39635	204	19765	96	VWZP01002202.1	51872
40051	205	19861	96	VWZP01002209.1	120527
40095	206	19957	95	VWZP01002209.1	266272
40112	207	20052	95	VWZP01002209.1	322742
40227	208	20147	96	VWZP01002215.1	132528
40495	209	20243	96	VWZP01002217.1	511031
40600	210	20339	97	VWZP01002231.1	71512
40672	211	20436	107	VWZP01002263.1	49624
40768	212	20543	95	VWZP01002274.1	182562
40877	213	20638	98	VWZP01002274.1	551087
41530	214	20736	95	VWZP01002288.1	348644
41759	215	20831	96	VWZP01002292.1	480334
41825	216	20927	95	VWZP01002292.1	720127
41942	217	21022	96	VWZP01002292.1	1124082
41957	218	21118	98	VWZP01002292.1	1224387
42072	219	21216	96	VWZP01002293.1	250077
42130	220	21312	96	VWZP01002293.1	425363
42210	221	21408	97	VWZP01002293.1	705254
42700	222	21505	95	VWZP01002325.1	165251
42926	223	21600	95	VWZP01002386.1	575538
43055	224	21695	95	VWZP01002389.1	37878
43311	225	21790	96	VWZP01002396.1	819745
43452	226	21886	95	VWZP01002400.1	47888
43466	227	21981	96	VWZP01002400.1	61633
43616	228	22077	95	VWZP01002400.1	725149
43802	229	22172	95	VWZP01002400.1	1402350
43890	230	22267	96	VWZP01002400.1	1787204
44348	231	22363	95	VWZP01002400.1	3495825
44404	232	22458	104	VWZP01002400.1	3669554
44462	233	22562	96	VWZP01002400.1	3895224
44850	234	22658	95	VWZP01002409.1	11983
45201	235	22753	100	VWZP01002415.1	514399
45265	236	22853	95	VWZP01002415.1	749741
45527	237	22948	96	VWZP01002415.1	1626319
45585	238	23044	115	VWZP01002415.1	1804821
45634	239	23159	97	VWZP01002415.1	1990171
45854	240	23256	96	VWZP01002415.1	2681496
46004	241	23352	96	VWZP01002422.1	69503
46216	242	23448	95	VWZP01002438.1	68219
46555	243	23543	98	VWZP01002541.1	473161
46564	244	23641	95	VWZP01002541.1	497082
46744	245	23736	103	VWZP01002550.1	39354
47056	246	23839	95	VWZP01002581.1	42395
47218	247	23934	96	VWZP01002584.1	521050
47254	248	24030	96	VWZP01002584.1	647166
47353	249	24126	98	VWZP01002584.1	1000482
47692	250	24224	97	VWZP01002662.1	355269
47716	251	24321	96	VWZP01002662.1	448839
47929	252	24417	96	VWZP01002662.1	1142314
48005	253	24513	96	VWZP01002662.1	1401599
48151	254	24609	96	VWZP01002663.1	383472
48546	255	24705	96	VWZP01002675.1	798238
48616	256	24801	99	VWZP01002675.1	1052267
49240	257	24900	95	VWZP01002782.1	361045
49602	258	24995	97	VWZP01002787.1	178053
49724	259	25092	97	VWZP01002787.1	920785
49743	260	25189	96	VWZP01002787.1	1063776
49811	261	25285	96	VWZP01002787.1	1462457
49972	262	25381	96	VWZP01002787.1	2237264
50316	263	25477	97	VWZP01002789.1	782628
50727	264	25574	95	VWZP01002793.1	850859
50811	265	25669	96	VWZP01002793.1	1158323
51219	266	25765	96	VWZP01002803.1	626568
51505	267	25861	97	VWZP01002845.1	697443
51580	268	25958	95	VWZP01002845.1	1017700
51826	269	26053	95	VWZP01002845.1	1727302
51943	270	26148	96	VWZP01002845.1	2339619
52227	271	26244	95	VWZP01002845.1	3144974
52429	272	26339	96	VWZP01002845.1	3928758
52443	273	26435	96	VWZP01002845.1	4008269
52502	274	26531	96	VWZP01002845.1	4153291
52705	275	26627	96	VWZP01002845.1	4971667
52732	276	26723	96	VWZP01002845.1	5150931
52738	277	26819	96	VWZP01002845.1	5163617
52776	278	26915	95	VWZP01002845.1	5306590
52813	279	27010	95	VWZP01002845.1	5506188
52945	280	27105	98	VWZP01002845.1	6077855
53429	281	27203	96	VWZP01002845.1	7631858
53509	282	27299	95	VWZP01002845.1	7864498
53742	283	27394	95	VWZP01002845.1	8803199
53848	284	27489	95	VWZP01002845.1	9188450
54496	285	27584	98	VWZP01002902.1	13882
54592	286	27682	95	VWZP01002903.1	492936
54722	287	27777	96	VWZP01002907.1	347257
54773	288	27873	95	VWZP01002907.1	526171
54928	289	27968	95	VWZP01002916.1	36033
55410	290	28063	96	VWZP01002925.1	96904
55465	291	28159	96	VWZP01002928.1	150156
55607	292	28255	107	VWZP01002958.1	15623
55634	293	28362	96	VWZP01002958.1	140320
56124	294	28458	95	VWZP01002968.1	427217
56503	295	28553	96	VWZP01002982.1	160079
56525	296	28649	96	VWZP01002982.1	243904
56552	297	28745	97	VWZP01002982.1	345935
56795	298	28842	95	VWZP01002982.1	1080612
57323	299	28937	97	VWZP01003013.1	286793
57363	300	29034	96	VWZP01003013.1	500320
57808	301	29130	96	VWZP01003085.1	98026
57877	302	29226	96	VWZP01003088.1	99183
58018	303	29322	96	VWZP01003088.1	688115
58053	304	29418	111	VWZP01003088.1	837514
58074	305	29529	96	VWZP01003088.1	897134
58209	306	29625	96	VWZP01003088.1	1320177
59179	307	29721	96	VWZP01003223.1	2194210
59317	308	29817	97	VWZP01003223.1	2812051
59449	309	29914	96	VWZP01003223.1	3276753
59558	310	30010	95	VWZP01003230.1	303681
59592	311	30105	96	VWZP01003230.1	439596
59691	312	30201	95	VWZP01003239.1	380325
60039	313	30296	96	VWZP01003306.1	439258
60456	314	30392	95	VWZP01003316.1	619603
60479	315	30487	96	VWZP01003316.1	761435
61000	316	30583	98	VWZP01003375.1	20933
61176	317	30681	97	VWZP01003405.1	1127061
61440	318	30778	98	VWZP01003405.1	2860742
61598	319	30876	96	VWZP01003407.1	27480
61671	320	30972	95	VWZP01003407.1	348141
61779	321	31067	95	VWZP01003414.1	231481
61827	322	31162	95	VWZP01003416.1	47037
61847	323	31257	96	VWZP01003416.1	122227
61917	324	31353	96	VWZP01003416.1	367592
61932	325	31449	97	VWZP01003416.1	426221
62042	326	31546	96	VWZP01003416.1	833096
62047	327	31642	95	VWZP01003416.1	835583
62844	328	31737	96	VWZP01003422.1	1269799
62926	329	31833	103	VWZP01003422.1	1636832
63352	330	31936	105	VWZP01003447.1	1276299
63362	331	32041	95	VWZP01003447.1	1329316
63379	332	32136	99	VWZP01003447.1	1387250
63419	333	32235	99	VWZP01003447.1	1584010
64235	334	32334	96	VWZP01003543.1	786974
64538	335	32430	101	VWZP01003543.1	1930487
64617	336	32531	95	VWZP01003543.1	2199205
64667	337	32626	97	VWZP01003543.1	2320382
64988	338	32723	101	VWZP01003549.1	173280
65052	339	32824	108	VWZP01003551.1	79408
65126	340	32932	96	VWZP01003553.1	79079
65226	341	33028	96	VWZP01003556.1	41474
65265	342	33124	97	VWZP01003557.1	109482
65376	343	33221	96	VWZP01003583.1	42195
65421	344	33317	96	VWZP01003639.1	76147
65502	345	33413	96	VWZP01003639.1	305456
65520	346	33509	96	VWZP01003639.1	388114
66084	347	33605	96	VWZP01003650.1	402699
66188	348	33701	95	VWZP01003653.1	286038
66367	349	33796	97	VWZP01003661.1	252395
66435	350	33893	97	VWZP01003661.1	395900
66650	351	33990	95	VWZP01003661.1	1125129
66905	352	34085	96	VWZP01003703.1	870076
67071	353	34181	106	VWZP01003795.1	149627
67190	354	34287	96	VWZP01003795.1	520726
67450	355	34383	97	VWZP01003801.1	900773
67467	356	34480	95	VWZP01003801.1	1056169
67600	357	34575	96	VWZP01003802.1	360163
67717	358	34671	95	VWZP01003802.1	791944
67755	359	34766	95	VWZP01003802.1	926319
67768	360	34861	99	VWZP01003802.1	957779
67869	361	34960	96	VWZP01003807.1	164647
67901	362	35056	98	VWZP01003807.1	259977
68007	363	35154	96	VWZP01003807.1	515032
68047	364	35250	97	VWZP01003807.1	591338
68583	365	35347	101	VWZP01003839.1	1381260
68601	366	35448	97	VWZP01003839.1	1437545
68635	367	35545	97	VWZP01003839.1	1514325
68697	368	35642	103	VWZP01003839.1	1725356
68700	369	35745	96	VWZP01003839.1	1751075
68918	370	35841	96	VWZP01003839.1	2489343
69033	371	35937	100	VWZP01003839.1	2921105
69329	372	36037	97	VWZP01003889.1	637891
70418	373	36134	97	VWZP01004023.1	444675
70584	374	36231	97	VWZP01004023.1	1533173
70622	375	36328	96	VWZP01004023.1	1864254
70764	376	36424	95	VWZP01004025.1	58108
70919	377	36519	97	VWZP01004025.1	506817
71033	378	36616	95	VWZP01004025.1	1018066
71040	379	36711	96	VWZP01004025.1	1096296
71070	380	36807	96	VWZP01004025.1	1162267
71076	381	36903	96	VWZP01004025.1	1183189
71092	382	36999	98	VWZP01004025.1	1222789
71301	383	37097	96	VWZP01004026.1	272170
71303	384	37193	96	VWZP01004026.1	273432
71876	385	37289	96	VWZP01004032.1	256293
71896	386	37385	98	VWZP01004032.1	301515
72518	387	37483	107	VWZP01004038.1	195330
72581	388	37590	96	VWZP01004038.1	418491
72619	389	37686	97	VWZP01004038.1	608775
72787	390	37783	95	VWZP01004041.1	724616
72899	391	37878	96	VWZP01004041.1	1048517
72934	392	37974	96	VWZP01004042.1	18694
73307	393	38070	96	VWZP01004072.1	19626
73694	394	38166	95	VWZP01004161.1	206281
73801	395	38261	95	VWZP01004161.1	534430
73832	396	38356	96	VWZP01004161.1	597083
73999	397	38452	95	VWZP01004165.1	969522
74239	398	38547	95	VWZP01004178.1	291471
74305	399	38642	95	VWZP01004258.1	69667
74616	400	38737	96	VWZP01004262.1	313132
74825	401	38833	96	VWZP01004262.1	1409262
75323	402	38929	101	VWZP01004264.1	554187
75326	403	39030	99	VWZP01004264.1	559968
75345	404	39129	97	VWZP01004265.1	18223
75445	405	39226	95	VWZP01004265.1	336324
75602	406	39321	99	VWZP01004265.1	821124
75627	407	39420	99	VWZP01004265.1	876830
75978	408	39519	97	VWZP01004280.1	29417
76092	409	39616	96	VWZP01004280.1	507136
76141	410	39712	95	VWZP01004280.1	676332
76222	411	39807	96	VWZP01004280.1	1028742
76456	412	39903	97	VWZP01004280.1	1758844
76475	413	40000	96	VWZP01004280.1	1810726
76629	414	40096	96	VWZP01004280.1	2235271
76707	415	40192	96	VWZP01004286.1	78297
76825	416	40288	95	VWZP01004289.1	205502
76850	417	40383	96	VWZP01004289.1	293868
77346	418	40479	96	VWZP01004354.1	134298
77352	419	40575	97	VWZP01004354.1	147476
77538	420	40672	98	VWZP01004354.1	838472
77759	421	40770	97	VWZP01004356.1	343034
78138	422	40867	96	VWZP01004356.1	1833854
78459	423	40963	96	VWZP01004373.1	415808
78470	424	41059	96	VWZP01004373.1	451870
78839	425	41155	96	VWZP01004407.1	490006
78880	426	41251	96	VWZP01004407.1	651139
78931	427	41347	97	VWZP01004408.1	227031
79336	428	41444	99	VWZP01004414.1	847422
79391	429	41543	97	VWZP01004414.1	986529
79518	430	41640	95	VWZP01004435.1	386103
79975	431	41735	100	VWZP01004435.1	1964884
80119	432	41835	96	VWZP01004466.1	228443
80244	433	41931	95	VWZP01004466.1	625443
80303	434	42026	96	VWZP01004466.1	750312
80406	435	42122	96	VWZP01004466.1	1029217
80757	436	42218	98	VWZP01004477.1	92346
80861	437	42316	95	VWZP01004477.1	326844
81086	438	42411	95	VWZP01004477.1	932592
81204	439	42506	96	VWZP01004477.1	1293666
81276	440	42602	96	VWZP01004477.1	1490563
81292	441	42698	95	VWZP01004477.1	1551960
81304	442	42793	97	VWZP01004477.1	1607806
81554	443	42890	97	VWZP01004477.1	2547087
81565	444	42987	96	VWZP01004477.1	2575907
81677	445	43083	95	VWZP01004477.1	2925771
81779	446	43178	95	VWZP01004477.1	3189092
81882	447	43273	97	VWZP01004477.1	3533410
82027	448	43370	96	VWZP01004477.1	3940678
82298	449	43466	95	VWZP01004477.1	4676017
82310	450	43561	102	VWZP01004477.1	4702603
82375	451	43663	97	VWZP01004477.1	4850491
82446	452	43760	98	VWZP01004496.1	161113
83299	453	43858	95	VWZP01004506.1	1098067
83413	454	43953	95	VWZP01004506.1	1552866
83452	455	44048	95	VWZP01004506.1	1707635
83466	456	44143	95	VWZP01004506.1	1746604
83483	457	44238	95	VWZP01004506.1	1797641
83582	458	44333	98	VWZP01004506.1	2297464
83803	459	44431	97	VWZP01004506.1	3260210
83837	460	44528	96	VWZP01004506.1	3408093
83840	461	44624	95	VWZP01004506.1	3410541
84194	462	44719	97	VWZP01004510.1	381130
84505	463	44816	113	VWZP01004535.1	770126
84593	464	44929	96	VWZP01004535.1	1368392
84711	465	45025	95	VWZP01004602.1	54444
84898	466	45120	95	VWZP01004604.1	362644
85054	467	45215	109	VWZP01004607.1	30906
85304	468	45324	95	VWZP01004621.1	45258
85355	469	45419	98	VWZP01004622.1	106851
86121	470	45517	96	VWZP01004695.1	268397
86255	471	45613	96	VWZP01004695.1	689111
86420	472	45709	96	VWZP01004695.1	1359541
86456	473	45805	95	VWZP01004695.1	1502688
86514	474	45900	97	VWZP01004695.1	1794147
86719	475	45997	96	VWZP01004697.1	508848
86777	476	46093	96	VWZP01004708.1	10632
86903	477	46189	100	VWZP01004708.1	662685
87521	478	46289	96	VWZP01004812.1	29724
87537	479	46385	101	VWZP01004812.1	89779
87608	480	46486	95	VWZP01004812.1	271836
87647	481	46581	96	VWZP01004814.1	223675
88022	482	46677	95	VWZP01004815.1	1414621
88060	483	46772	97	VWZP01004815.1	1499366
88157	484	46869	97	VWZP01004815.1	1905355
88162	485	46966	96	VWZP01004815.1	1910789
88277	486	47062	96	VWZP01004818.1	144432
88288	487	47158	95	VWZP01004818.1	191600
88649	488	47253	99	VWZP01004820.1	980936
88906	489	47352	100	VWZP01004822.1	654208
89318	490	47452	95	VWZP01004826.1	110146
89322	491	47547	95	VWZP01004826.1	111737
89851	492	47642	108	VWZP01004826.1	1771842
90640	493	47750	97	VWZP01004829.1	254550
90660	494	47847	96	VWZP01004829.1	300761
90707	495	47943	96	VWZP01004829.1	465880
90799	496	48039	95	VWZP01004829.1	777354
91101	497	48134	96	VWZP01004914.1	498768
91292	498	48230	95	VWZP01004916.1	604628
91318	499	48325	95	VWZP01004916.1	739373
91589	500	48420	99	VWZP01004916.1	1806516
92009	501	48519	96	VWZP01004924.1	115485
92112	502	48615	107	VWZP01004924.1	506922
92298	503	48722	95	VWZP01004928.1	150503
92532	504	48817	96	VWZP01004941.1	256215
92546	505	48913	96	VWZP01004941.1	282743
93756	506	49009	96	VWZP01005025.1	797053
94318	507	49105	98	VWZP01005033.1	166465
94418	508	49203	96	VWZP01005033.1	496474
95087	509	49299	96	VWZP01005035.1	1028036
95197	510	49395	103	VWZP01005035.1	1435906
95621	511	49498	96	VWZP01005148.1	29422
95764	512	49594	96	VWZP01005149.1	308236
95789	513	49690	98	VWZP01005152.1	71172
95971	514	49788	100	VWZP01005162.1	154318
96018	515	49888	96	VWZP01005162.1	350639
96182	516	49984	97	VWZP01005187.1	184411
96413	517	50081	96	VWZP01005209.1	891888
96504	518	50177	95	VWZP01005209.1	1264103
96701	519	50272	96	VWZP01005221.1	720677
96740	520	50368	99	VWZP01005221.1	810709
97083	521	50467	95	VWZP01005230.1	65433
97192	522	50562	97	VWZP01005240.1	177921
97328	523	50659	96	VWZP01005240.1	781453
97444	524	50755	95	VWZP01005240.1	1151309
97597	525	50850	96	VWZP01005240.1	1588141
97873	526	50946	96	VWZP01005248.1	99523
97897	527	51042	106	VWZP01005252.1	154406
97924	528	51148	97	VWZP01005252.1	359321
97941	529	51245	98	VWZP01005252.1	408792
97991	530	51343	95	VWZP01005252.1	737909
98107	531	51438	96	VWZP01005255.1	151142
98316	532	51534	96	VWZP01005256.1	378230
98533	533	51630	96	VWZP01005257.1	551752
98561	534	51726	96	VWZP01005257.1	657190
98573	535	51822	95	VWZP01005259.1	66767
98720	536	51917	97	VWZP01005261.1	792158
98750	537	52014	96	VWZP01005262.1	12292
98786	538	52110	96	VWZP01005262.1	104823
98936	539	52206	96	VWZP01005262.1	519686
98972	540	52302	96	VWZP01005262.1	600723
99057	541	52398	96	VWZP01005262.1	830102
99145	542	52494	96	VWZP01005263.1	181212
99153	543	52590	96	VWZP01005263.1	199002
99161	544	52686	95	VWZP01005263.1	224347
99300	545	52781	96	VWZP01005263.1	930176
99384	546	52877	102	VWZP01005270.1	77761
100365	547	52979	96	VWZP01005377.1	296745
100474	548	53075	95	VWZP01005411.1	96096
100616	549	53170	96	VWZP01005411.1	485436
101022	550	53266	96	VWZP01005411.1	1917595
101117	551	53362	96	VWZP01005411.1	2182078
101173	552	53458	98	VWZP01005411.1	2328687
101336	553	53556	95	VWZP01005411.1	2857335
101412	554	53651	96	VWZP01005507.1	11420
101490	555	53747	95	VWZP01005507.1	396721
101494	556	53842	96	VWZP01005507.1	401874
101918	557	53938	101	VWZP01005513.1	565511
102099	558	54039	113	VWZP01005514.1	512868
102404	559	54152	95	VWZP01005527.1	713958
102553	560	54247	95	VWZP01005528.1	352576
102664	561	54342	97	VWZP01005528.1	736321
102783	562	54439	95	VWZP01005528.1	1071708
102796	563	54534	96	VWZP01005528.1	1116120
103147	564	54630	97	VWZP01005541.1	144363
103813	565	54727	101	VWZP01005658.1	407771
103820	566	54828	96	VWZP01005658.1	423140
103877	567	54924	96	VWZP01005658.1	670571
103997	568	55020	95	VWZP01005658.1	1166498
104023	569	55115	96	VWZP01005658.1	1297304
104245	570	55211	98	VWZP01005658.1	2097009
104264	571	55309	98	VWZP01005658.1	2133706
104322	572	55407	97	VWZP01005658.1	2418375
104356	573	55504	96	VWZP01005658.1	2487121
104470	574	55600	98	VWZP01005658.1	3013047
104758	575	55698	96	VWZP01005658.1	4172456
104883	576	55794	99	VWZP01005658.1	4764377
104902	577	55893	101	VWZP01005658.1	4824359
104960	578	55994	96	VWZP01005667.1	22268
104965	579	56090	96	VWZP01005667.1	71621
105095	580	56186	96	VWZP01005667.1	563864
105201	581	56282	96	VWZP01005668.1	69748
105472	582	56378	96	VWZP01005668.1	955283
105636	583	56474	95	VWZP01005668.1	1390203
105872	584	56569	96	VWZP01005676.1	52993
105879	585	56665	100	VWZP01005676.1	69844
106123	586	56765	97	VWZP01005688.1	44641
106421	587	56862	97	VWZP01005699.1	126843
106810	588	56959	99	VWZP01005794.1	235129
106813	589	57058	96	VWZP01005794.1	237407
106929	590	57154	96	VWZP01005794.1	620580
106966	591	57250	96	VWZP01005794.1	721411
107064	592	57346	105	VWZP01005794.1	962451
107260	593	57451	96	VWZP01005794.1	1562857
107800	594	57547	95	VWZP01005800.1	60642
108278	595	57642	96	VWZP01005847.1	223196
108389	596	57738	99	VWZP01005847.1	611866
108698	597	57837	96	VWZP01005851.1	479621
108742	598	57933	96	VWZP01005851.1	631267
108864	599	58029	97	VWZP01005851.1	1060675
108887	600	58126	95	VWZP01005851.1	1144100
109129	601	58221	98	VWZP01005854.1	279765
109313	602	58319	96	VWZP01005861.1	75952
109364	603	58415	100	VWZP01005861.1	302945
109447	604	58515	96	VWZP01005863.1	64638
109504	605	58611	96	VWZP01005867.1	19267
110251	606	58707	99	VWZP01005979.1	1000548
110272	607	58806	98	VWZP01005979.1	1118174
110376	608	58904	95	VWZP01005979.1	1434666
110677	609	58999	97	VWZP01005998.1	7023
110686	610	59096	95	VWZP01005998.1	51055
111527	611	59191	114	VWZP01006004.1	332956
111539	612	59305	97	VWZP01006004.1	351384
112200	613	59402	99	VWZP01006016.1	121361
112454	614	59501	96	VWZP01006030.1	237517
112482	615	59597	101	VWZP01006030.1	398232
112503	616	59698	101	VWZP01006030.1	522706
112563	617	59799	95	VWZP01006030.1	839927
112657	618	59894	98	VWZP01006044.1	248830
112706	619	59992	96	VWZP01006044.1	412743
112973	620	60088	96	VWZP01006072.1	81343
113199	621	60184	96	VWZP01006139.1	124778
113521	622	60280	98	VWZP01006139.1	1502681
113561	623	60378	102	VWZP01006139.1	1606102
113718	624	60480	95	VWZP01006142.1	127706
113965	625	60575	96	VWZP01006144.1	222995
114002	626	60671	95	VWZP01006144.1	330054
114014	627	60766	96	VWZP01006144.1	358003
114038	628	60862	96	VWZP01006148.1	35060
114080	629	60958	96	VWZP01006149.1	171244
114354	630	61054	95	VWZP01006150.1	442991
114380	631	61149	96	VWZP01006150.1	521230
114558	632	61245	95	VWZP01006150.1	1120841
114983	633	61340	97	VWZP01006196.1	714605
115309	634	61437	96	VWZP01006227.1	323746
115331	635	61533	96	VWZP01006227.1	368019
115334	636	61629	96	VWZP01006227.1	384969
115403	637	61725	95	VWZP01006227.1	570814
115412	638	61820	97	VWZP01006227.1	596206
115436	639	61917	96	VWZP01006227.1	660422
115541	640	62013	96	VWZP01006227.1	914134
115580	641	62109	96	VWZP01006227.1	997583
115981	642	62205	95	VWZP01006234.1	93866
116349	643	62300	95	VWZP01006244.1	297586
116419	644	62395	96	VWZP01006244.1	782140
116470	645	62491	96	VWZP01006244.1	1086135
116570	646	62587	96	VWZP01006249.1	27970
116755	647	62683	101	VWZP01006266.1	612193
116791	648	62784	96	VWZP01006266.1	799721
116851	649	62880	101	VWZP01006266.1	1087383
116961	650	62981	96	VWZP01006274.1	217510
117028	651	63077	97	VWZP01006274.1	615030
117276	652	63174	96	VWZP01006275.1	783702
117348	653	63270	99	VWZP01006275.1	1272871
117374	654	63369	96	VWZP01006275.1	1385317
117407	655	63465	95	VWZP01006280.1	44818
117579	656	63560	96	VWZP01006280.1	548075
117656	657	63656	95	VWZP01006280.1	843876
117834	658	63751	96	VWZP01006280.1	1500936
117858	659	63847	96	VWZP01006280.1	1564790
117895	660	63943	99	VWZP01006280.1	1749294
118190	661	64042	96	VWZP01006280.1	2983552
118491	662	64138	96	VWZP01006282.1	582215
118568	663	64234	95	VWZP01006282.1	918753
118798	664	64329	97	VWZP01006283.1	288775
118955	665	64426	100	VWZP01006283.1	1092105
118959	666	64526	96	VWZP01006283.1	1093365
118962	667	64622	96	VWZP01006283.1	1116938
119180	668	64718	96	VWZP01006294.1	14530
119201	669	64814	96	VWZP01006294.1	168056
119335	670	64910	98	VWZP01006294.1	815534
119455	671	65008	95	VWZP01006297.1	161453
119573	672	65103	95	VWZP01006299.1	152578
119703	673	65198	97	VWZP01006301.1	267228
120113	674	65295	98	VWZP01006385.1	62959
120286	675	65393	95	VWZP01006385.1	821275
120390	676	65488	96	VWZP01006390.1	357694
120530	677	65584	102	VWZP01006390.1	943448
120544	678	65686	97	VWZP01006390.1	978279
120658	679	65783	96	VWZP01006397.1	152079
120852	680	65879	99	VWZP01006402.1	124415
121048	681	65978	98	VWZP01006414.1	283523
121185	682	66076	95	VWZP01006414.1	691611
121254	683	66171	96	VWZP01006414.1	853330
121419	684	66267	96	VWZP01006414.1	1482514
121424	685	66363	97	VWZP01006414.1	1493711
121643	686	66460	97	VWZP01006417.1	70662
121659	687	66557	99	VWZP01006417.1	106084
121803	688	66656	97	VWZP01006417.1	583910
121884	689	66753	102	VWZP01006417.1	746100
121888	690	66855	103	VWZP01006417.1	758750
121990	691	66958	98	VWZP01006420.1	88749
122460	692	67056	95	VWZP01006436.1	1166070
122466	693	67151	96	VWZP01006436.1	1200005
122498	694	67247	96	VWZP01006436.1	1313640
122724	695	67343	97	VWZP01006437.1	258916
122847	696	67440	95	VWZP01006520.1	74261
123100	697	67535	98	VWZP01006525.1	383253
123152	698	67633	98	VWZP01006525.1	572849
123270	699	67731	97	VWZP01006525.1	945407
123501	700	67828	98	VWZP01006528.1	454933
123650	701	67926	96	VWZP01006528.1	894777
123972	702	68022	96	VWZP01006528.1	1894496
124229	703	68118	96	VWZP01006535.1	97547
124609	704	68214	95	VWZP01006607.1	47224
124628	705	68309	96	VWZP01006607.1	149526
124699	706	68405	97	VWZP01006607.1	402746
124748	707	68502	96	VWZP01006607.1	646681
124755	708	68598	96	VWZP01006607.1	650212
124834	709	68694	96	VWZP01006607.1	896503
124842	710	68790	97	VWZP01006607.1	901754
124978	711	68887	100	VWZP01006608.1	152429
125003	712	68987	96	VWZP01006608.1	216476
125163	713	69083	96	VWZP01006608.1	793572
125189	714	69179	96	VWZP01006608.1	878456
125194	715	69275	98	VWZP01006608.1	890569
125233	716	69373	101	VWZP01006608.1	1000834
125595	717	69474	95	VWZP01006608.1	2008490
125746	718	69569	95	VWZP01006610.1	106789
125787	719	69664	98	VWZP01006610.1	286862
125944	720	69762	95	VWZP01006610.1	774012
125998	721	69857	95	VWZP01006611.1	118165
126244	722	69952	98	VWZP01006612.1	585315
126291	723	70050	95	VWZP01006612.1	709550
126366	724	70145	96	VWZP01006614.1	194270
126687	725	70241	96	VWZP01006624.1	401844
127117	726	70337	95	VWZP01006688.1	309949
127823	727	70432	95	VWZP01006692.1	467256
127908	728	70527	97	VWZP01006693.1	102519
127938	729	70624	98	VWZP01006693.1	174315
128056	730	70722	96	VWZP01006697.1	339901
128225	731	70818	96	VWZP01006698.1	79933
128947	732	70914	101	VWZP01006707.1	1721149
129075	733	71015	95	VWZP01006707.1	2122937
129085	734	71110	95	VWZP01006707.1	2132620
129474	735	71205	97	VWZP01006719.1	459704
129728	736	71302	96	VWZP01006719.1	1450018
129995	737	71398	96	VWZP01006729.1	618496
130230	738	71494	97	VWZP01006729.1	1435595
130301	739	71591	95	VWZP01006729.1	1643228
130330	740	71686	97	VWZP01006729.1	1794265
130399	741	71783	95	VWZP01006729.1	1998390
130428	742	71878	95	VWZP01006729.1	2079232
130688	743	71973	97	VWZP01006814.1	24783
130714	744	72070	96	VWZP01006814.1	63910
130926	745	72166	95	VWZP01006814.1	606288
130937	746	72261	96	VWZP01006814.1	622366
130986	747	72357	99	VWZP01006814.1	726718
131043	748	72456	95	VWZP01006814.1	858549
131068	749	72551	95	VWZP01006814.1	961402
131648	750	72646	116	VWZP01006838.1	221676
131664	751	72762	96	VWZP01006838.1	276897
132084	752	72858	98	VWZP01006849.1	300535
132094	753	72956	96	VWZP01006849.1	332019
132364	754	73052	96	VWZP01006849.1	1312566
132442	755	73148	97	VWZP01006849.1	1640077
132587	756	73245	96	VWZP01006852.1	247093
132681	757	73341	103	VWZP01006853.1	748499
132685	758	73444	95	VWZP01006853.1	751107
132918	759	73539	97	VWZP01006907.1	76644
133024	760	73636	96	VWZP01006907.1	537996
133155	761	73732	97	VWZP01006907.1	954633
133200	762	73829	95	VWZP01006907.1	1153678
133334	763	73924	100	VWZP01006907.1	1541339
133342	764	74024	96	VWZP01006907.1	1556685
133346	765	74120	96	VWZP01006907.1	1565206
133949	766	74216	98	VWZP01006935.1	296298
133978	767	74314	95	VWZP01006935.1	393874
133986	768	74409	97	VWZP01006935.1	415969
134700	769	74506	96	VWZP01006945.1	1630965
134721	770	74602	96	VWZP01006945.1	1671947
134845	771	74698	95	VWZP01006945.1	2050053
134901	772	74793	96	VWZP01006945.1	2214859
135085	773	74889	97	VWZP01006945.1	2820704
135402	774	74986	119	VWZP01006954.1	952075
135483	775	75105	96	VWZP01006956.1	131485
135666	776	75201	98	VWZP01006956.1	664845
135956	777	75299	97	VWZP01006959.1	459637
136003	778	75396	96	VWZP01006959.1	610468
136565	779	75492	96	VWZP01006970.1	208068
136575	780	75588	96	VWZP01006970.1	243940
136639	781	75684	98	VWZP01006970.1	443492
136701	782	75782	96	VWZP01006970.1	670656
137140	783	75878	96	VWZP01006970.1	2120356
137668	784	75974	97	VWZP01006970.1	4047582
138008	785	76071	102	VWZP01006979.1	351845
138011	786	76173	96	VWZP01006979.1	359321
138075	787	76269	95	VWZP01006979.1	670350
138236	788	76364	107	VWZP01006979.1	1513372
138615	789	76471	101	VWZP01006994.1	319532
138775	790	76572	98	VWZP01006994.1	812426
138997	791	76670	97	VWZP01006994.1	1516263
139030	792	76767	99	VWZP01006994.1	1623838
139357	793	76866	96	VWZP01006994.1	2702629
139502	794	76962	96	VWZP01007019.1	37490
139724	795	77058	97	VWZP01007022.1	868048
139762	796	77155	96	VWZP01007022.1	981069
139848	797	77251	95	VWZP01007022.1	1206220
139899	798	77346	97	VWZP01007022.1	1436658
140012	799	77443	96	VWZP01007022.1	1880334
140611	800	77539	96	VWZP01007080.1	991308
140656	801	77635	95	VWZP01007082.1	56274
140757	802	77730	96	VWZP01007082.1	544692
140881	803	77826	96	VWZP01007082.1	1044282
141152	804	77922	114	VWZP01007086.1	165319
141318	805	78036	96	VWZP01007086.1	664691
141526	806	78132	95	VWZP01007086.1	1281260
141626	807	78227	97	VWZP01007086.1	1612845
141677	808	78324	97	VWZP01007087.1	93390
142343	809	78421	97	VWZP01007102.1	1011460
142400	810	78518	96	VWZP01007102.1	1209343
143153	811	78614	96	VWZP01007103.1	610663
143180	812	78710	97	VWZP01007103.1	709713
143277	813	78807	97	VWZP01007103.1	1098546
143383	814	78904	96	VWZP01007108.1	566630
143716	815	79000	95	VWZP01007147.1	1463512
143864	816	79095	96	VWZP01007194.1	149545
144389	817	79191	100	VWZP01007209.1	65110
144519	818	79291	98	VWZP01007210.1	516158
144776	819	79389	95	VWZP01007227.1	45249
144946	820	79484	95	VWZP01007248.1	199158
144989	821	79579	96	VWZP01007276.1	120619
144996	822	79675	96	VWZP01007276.1	132435
145069	823	79771	96	VWZP01007282.1	99279
145340	824	79867	96	VWZP01007284.1	166815
146164	825	79963	96	VWZP01007290.1	860127
146236	826	80059	96	VWZP01007296.1	119190
146376	827	80155	95	VWZP01007297.1	292210
146413	828	80250	96	VWZP01007297.1	443270
146510	829	80346	99	VWZP01007306.1	138147
146944	830	80445	96	VWZP01007350.1	720836
147161	831	80541	96	VWZP01007456.1	479773
147186	832	80637	96	VWZP01007456.1	558163
147406	833	80733	95	VWZP01007456.1	1433160
147415	834	80828	95	VWZP01007456.1	1468068
147556	835	80923	99	VWZP01007456.1	1926168
147781	836	81022	101	VWZP01007456.1	2657993
147922	837	81123	96	VWZP01007456.1	3184636
147927	838	81219	97	VWZP01007456.1	3211997
147970	839	81316	97	VWZP01007456.1	3342129
148034	840	81413	95	VWZP01007456.1	3526525
148065	841	81508	97	VWZP01007456.1	3664677
148201	842	81605	96	VWZP01007499.1	281976
148219	843	81701	96	VWZP01007499.1	316811
148636	844	81797	97	VWZP01007510.1	113352
148816	845	81894	96	VWZP01007519.1	322759
148843	846	81990	97	VWZP01007519.1	456942
149037	847	82087	97	VWZP01007586.1	506080
149095	848	82184	95	VWZP01007593.1	763414
149247	849	82279	96	VWZP01007615.1	640162
149256	850	82375	99	VWZP01007615.1	658226
149298	851	82474	96	VWZP01007615.1	837607
149549	852	82570	98	VWZP01007619.1	310682
149577	853	82668	100	VWZP01007619.1	406120
149610	854	82768	96	VWZP01007619.1	483334
149836	855	82864	96	VWZP01007619.1	1194892
150040	856	82960	96	VWZP01007621.1	152667
150066	857	83056	96	VWZP01007621.1	278466
150100	858	83152	98	VWZP01007621.1	380262
150359	859	83250	99	VWZP01007621.1	1158764
150546	860	83349	97	VWZP01007623.1	854546
150559	861	83446	95	VWZP01007623.1	944452
150579	862	83541	96	VWZP01007623.1	1052693
150774	863	83637	95	VWZP01007629.1	535466
151079	864	83732	95	VWZP01007629.1	1522050
151364	865	83827	97	VWZP01007629.1	2572149
151420	866	83924	95	VWZP01007629.1	2752274
151488	867	84019	96	VWZP01007629.1	2959848
151760	868	84115	95	VWZP01007646.1	372081
151806	869	84210	97	VWZP01007646.1	533954
151811	870	84307	96	VWZP01007646.1	539478
151847	871	84403	95	VWZP01007646.1	645867
151859	872	84498	96	VWZP01007646.1	672117
151984	873	84594	96	VWZP01007712.1	27788
151986	874	84690	96	VWZP01007712.1	38669
152018	875	84786	99	VWZP01007712.1	175044
152024	876	84885	97	VWZP01007712.1	205309
152089	877	84982	96	VWZP01007712.1	703519
152190	878	85078	95	VWZP01007713.1	140230
152349	879	85173	95	VWZP01007715.1	515576
152417	880	85268	97	VWZP01007715.1	686990
152558	881	85365	95	VWZP01007715.1	1460375
152631	882	85460	95	VWZP01007715.1	1801217
152714	883	85555	96	VWZP01007715.1	2063569
152731	884	85651	96	VWZP01007715.1	2171005
152745	885	85747	95	VWZP01007715.1	2224693
152789	886	85842	96	VWZP01007715.1	2362976
153769	887	85938	96	VWZP01007814.1	349800
153896	888	86034	96	VWZP01007814.1	950005
154050	889	86130	96	VWZP01007814.1	1860184
154192	890	86226	96	VWZP01007817.1	321676
154342	891	86322	96	VWZP01007825.1	62442
154364	892	86418	96	VWZP01007825.1	139707
154505	893	86514	96	VWZP01007825.1	652027
154562	894	86610	100	VWZP01007825.1	825504
154612	895	86710	96	VWZP01007825.1	1004535
154697	896	86806	96	VWZP01007825.1	1436262
154775	897	86902	95	VWZP01007825.1	1660321
154917	898	86997	100	VWZP01007825.1	2075359
155184	899	87097	96	VWZP01007832.1	652018
155409	900	87193	96	VWZP01007832.1	1328050
155553	901	87289	97	VWZP01007832.1	1749942
155889	902	87386	95	VWZP01007832.1	3007805
156034	903	87481	111	VWZP01007855.1	1402199
156223	904	87592	98	VWZP01007922.1	76201
156371	905	87690	96	VWZP01007922.1	748339
156491	906	87786	96	VWZP01007923.1	270440
156655	907	87882	95	VWZP01007936.1	212506
156700	908	87977	96	VWZP01007937.1	142387
156797	909	88073	95	VWZP01007937.1	504736
156906	910	88168	96	VWZP01007938.1	42689
156962	911	88264	96	VWZP01007940.1	107697
156998	912	88360	95	VWZP01007940.1	301823
157001	913	88455	95	VWZP01007940.1	309611
157537	914	88550	99	VWZP01007940.1	1800368
157560	915	88649	97	VWZP01007940.1	1855408
157576	916	88746	96	VWZP01007940.1	1886385
158050	917	88842	95	VWZP01007940.1	3365762
158295	918	88937	95	VWZP01007940.1	4058954
158307	919	89032	97	VWZP01007940.1	4077847
158438	920	89129	95	VWZP01007953.1	10695
158615	921	89224	96	VWZP01008023.1	23571
158671	922	89320	95	VWZP01008023.1	222065
158773	923	89415	95	VWZP01008023.1	710584
158960	924	89510	97	VWZP01008031.1	221427
158981	925	89607	96	VWZP01008031.1	402934
159006	926	89703	96	VWZP01008031.1	773601
159062	927	89799	97	VWZP01008035.1	142178
159211	928	89896	96	VWZP01008035.1	842922
159219	929	89992	97	VWZP01008035.1	865238
159372	930	90089	98	VWZP01008035.1	1684917
159415	931	90187	97	VWZP01008035.1	1886798
159478	932	90284	96	VWZP01008035.1	2246836
159637	933	90380	96	VWZP01008043.1	16867
160177	934	90476	96	VWZP01008069.1	1204952
160561	935	90572	97	VWZP01008070.1	1414984
160719	936	90669	100	VWZP01008070.1	1971820
161157	937	90769	103	VWZP01008072.1	348825
161672	938	90872	101	VWZP01008078.1	751660
161698	939	90973	98	VWZP01008078.1	825922
161710	940	91071	96	VWZP01008078.1	857842
161876	941	91167	100	VWZP01008083.1	143436
161907	942	91267	95	VWZP01008083.1	222599
161929	943	91362	96	VWZP01008087.1	59345
162194	944	91458	96	VWZP01008098.1	442838
162615	945	91554	96	VWZP01008105.1	388134
162684	946	91650	96	VWZP01008110.1	101484
162778	947	91746	97	VWZP01008110.1	635897
162874	948	91843	96	VWZP01008131.1	269452
163019	949	91939	100	VWZP01008261.1	58165
163221	950	92039	96	VWZP01008265.1	227753
163294	951	92135	95	VWZP01008265.1	545339
163465	952	92230	96	VWZP01008268.1	167027
163504	953	92326	99	VWZP01008268.1	289295
163699	954	92425	96	VWZP01008268.1	884616
164036	955	92521	97	VWZP01008285.1	398293
164051	956	92618	95	VWZP01008285.1	439562
164212	957	92713	96	VWZP01008288.1	263107
164517	958	92809	97	VWZP01008289.1	99344
164523	959	92906	95	VWZP01008290.1	5717
164589	960	93001	95	VWZP01008290.1	374247
164683	961	93096	101	VWZP01008292.1	106697
164767	962	93197	96	VWZP01008292.1	422281
165462	963	93293	96	VWZP01008343.1	611504
165594	964	93389	96	VWZP01008343.1	1060403
165735	965	93485	97	VWZP01008343.1	1376814
165821	966	93582	107	VWZP01008343.1	1583540
166356	967	93689	96	VWZP01008344.1	767459
166404	968	93785	96	VWZP01008344.1	956266
166684	969	93881	96	VWZP01008345.1	1143205
166883	970	93977	96	VWZP01008346.1	397659
166959	971	94073	96	VWZP01008346.1	636488
167001	972	94169	96	VWZP01008346.1	756907
167101	973	94265	98	VWZP01008351.1	288201
167514	974	94363	96	VWZP01008431.1	11475
167826	975	94459	96	VWZP01008431.1	1097293
168269	976	94555	97	VWZP01008431.1	2458789
168272	977	94652	97	VWZP01008431.1	2466847
168278	978	94749	106	VWZP01008431.1	2471664
168289	979	94855	95	VWZP01008431.1	2490488
168348	980	94950	97	VWZP01008431.1	2655629
168416	981	95047	95	VWZP01008431.1	2907569
168516	982	95142	98	VWZP01008431.1	3272091
168692	983	95240	96	VWZP01008438.1	63614
168707	984	95336	96	VWZP01008438.1	127823
169043	985	95432	96	VWZP01008455.1	1421911
169171	986	95528	95	VWZP01008455.1	2221144
169264	987	95623	96	VWZP01008455.1	2669963
169351	988	95719	98	VWZP01008455.1	3231755
169439	989	95817	96	VWZP01008462.1	48447
169864	990	95913	104	VWZP01008548.1	292014
170270	991	96017	96	VWZP01008548.1	1440275
170280	992	96113	95	VWZP01008548.1	1468058
170298	993	96208	96	VWZP01008548.1	1538443
170410	994	96304	95	VWZP01008549.1	59721
170875	995	96399	96	VWZP01008557.1	141667
171144	996	96495	96	VWZP01008566.1	411475
171167	997	96591	97	VWZP01008566.1	475531
171372	998	96688	96	VWZP01008589.1	281376
171635	999	96784	96	VWZP01008598.1	480586
171653	1000	96880	96	VWZP01008598.1	541260
171990	1001	96976	96	VWZP01008606.1	48438
172451	1002	97072	96	VWZP01008627.1	42074
172557	1003	97168	98	VWZP01008648.1	41138
172617	1004	97266	98	VWZP01008669.1	9520
172801	1005	97364	95	VWZP01008812.1	287008
172842	1006	97459	96	VWZP01008812.1	530766
172931	1007	97555	96	VWZP01008818.1	15010
173010	1008	97651	95	VWZP01008818.1	298807
173037	1009	97746	97	VWZP01008818.1	427553
173221	1010	97843	95	VWZP01008818.1	1153603
173414	1011	97938	111	VWZP01008818.1	1870905
173921	1012	98049	98	VWZP01008822.1	281702
174271	1013	98147	101	VWZP01008835.1	39255
174311	1014	98248	105	VWZP01008835.1	176173
174371	1015	98353	97	VWZP01008835.1	337667
174521	1016	98450	97	VWZP01008835.1	682684
174902	1017	98547	99	VWZP01008835.1	1894092
174914	1018	98646	96	VWZP01008835.1	1920583
175092	1019	98742	95	VWZP01008835.1	2530565
175178	1020	98837	97	VWZP01008835.1	2787980
175181	1021	98934	107	VWZP01008835.1	2796974
175331	1022	99041	96	VWZP01008835.1	3204584
175377	1023	99137	98	VWZP01008835.1	3303796
175594	1024	99235	95	VWZP01008841.1	316546
175820	1025	99330	98	VWZP01008845.1	229856
175912	1026	99428	95	VWZP01008845.1	478090
175978	1027	99523	96	VWZP01008845.1	642449
176004	1028	99619	98	VWZP01008845.1	726432
176213	1029	99717	96	VWZP01008898.1	918096
176389	1030	99813	96	VWZP01008954.1	685381
176674	1031	99909	95	VWZP01008963.1	579461
176807	1032	100004	95	VWZP01008963.1	969538
176969	1033	100099	98	VWZP01008963.1	1399450
176978	1034	100197	96	VWZP01008963.1	1439376
177015	1035	100293	96	VWZP01008963.1	1535281
177088	1036	100389	95	VWZP01008963.1	1766527
177251	1037	100484	95	VWZP01008963.1	2303750
177470	1038	100579	97	VWZP01008976.1	503998
177478	1039	100676	96	VWZP01008976.1	537582
177593	1040	100772	96	VWZP01008976.1	989594
177795	1041	100868	98	VWZP01008983.1	108948
177841	1042	100966	96	VWZP01008983.1	236458
177965	1043	101062	96	VWZP01008983.1	653756
177981	1044	101158	96	VWZP01008983.1	692173
177987	1045	101254	95	VWZP01008983.1	708759
178158	1046	101349	96	VWZP01008990.1	393323
178161	1047	101445	96	VWZP01008990.1	394466
178204	1048	101541	95	VWZP01008990.1	579828
179091	1049	101636	96	VWZP01009082.1	163554
179132	1050	101732	97	VWZP01009082.1	307619
179767	1051	101829	97	VWZP01009092.1	61935
179927	1052	101926	95	VWZP01009096.1	321880
179942	1053	102021	95	VWZP01009096.1	384564
179945	1054	102116	96	VWZP01009096.1	391712
180064	1055	102212	98	VWZP01009096.1	701025
180140	1056	102310	96	VWZP01009096.1	994957
180270	1057	102406	96	VWZP01009096.1	1482719
180336	1058	102502	96	VWZP01009096.1	1719445
180372	1059	102598	97	VWZP01009096.1	1833275
180391	1060	102695	96	VWZP01009096.1	1858784
180764	1061	102791	96	VWZP01009101.1	1425980
180799	1062	102887	96	VWZP01009101.1	1593457
180997	1063	102983	97	VWZP01009157.1	52500
181089	1064	103080	99	VWZP01009157.1	259694
181306	1065	103179	101	VWZP01009162.1	802784
181539	1066	103280	98	VWZP01009168.1	563037
181670	1067	103378	96	VWZP01009168.1	1085487
182439	1068	103474	96	VWZP01009169.1	2599305
182466	1069	103570	95	VWZP01009169.1	2743124
183054	1070	103665	100	VWZP01009174.1	15979
183225	1071	103765	96	VWZP01009179.1	180216
183576	1072	103861	96	VWZP01009240.1	79945
183631	1073	103957	96	VWZP01009240.1	324803
183780	1074	104053	96	VWZP01009260.1	228129
183923	1075	104149	99	VWZP01009260.1	766520
184193	1076	104248	96	VWZP01009260.1	1825193
184392	1077	104344	95	VWZP01009265.1	727556
184578	1078	104439	97	VWZP01009271.1	360372
184760	1079	104536	95	VWZP01009271.1	958897
185072	1080	104631	97	VWZP01009280.1	400250
185161	1081	104728	96	VWZP01009281.1	376805
185189	1082	104824	96	VWZP01009282.1	119737
185195	1083	104920	96	VWZP01009283.1	20046
185799	1084	105016	96	VWZP01009353.1	264667
185803	1085	105112	97	VWZP01009353.1	288395
185826	1086	105209	96	VWZP01009353.1	352661
185915	1087	105305	97	VWZP01009369.1	124800
185989	1088	105402	97	VWZP01009370.1	272454
186748	1089	105499	96	VWZP01009370.1	2747646
187283	1090	105595	96	VWZP01009370.1	4221298
187290	1091	105691	97	VWZP01009370.1	4225098
187567	1092	105788	98	VWZP01009370.1	5049935
187659	1093	105886	96	VWZP01009376.1	64721
187830	1094	105982	95	VWZP01009377.1	121861
187852	1095	106077	96	VWZP01009377.1	202001
187865	1096	106173	95	VWZP01009377.1	255852
187981	1097	106268	95	VWZP01009377.1	962694
188374	1098	106363	95	VWZP01009381.1	314011
188703	1099	106458	96	VWZP01009464.1	75013
188831	1100	106554	98	VWZP01009494.1	199728
188919	1101	106652	95	VWZP01009500.1	172081
189065	1102	106747	96	VWZP01009503.1	48641
189314	1103	106843	96	VWZP01009612.1	193248
190068	1104	106939	96	VWZP01009615.1	2539566
190274	1105	107035	95	VWZP01009630.1	235054
190670	1106	107130	96	VWZP01009633.1	957877
190672	1107	107226	95	VWZP01009633.1	988034
190682	1108	107321	96	VWZP01009633.1	1036610
190851	1109	107417	96	VWZP01009637.1	179633
191011	1110	107513	98	VWZP01009664.1	18356
191198	1111	107611	96	VWZP01009737.1	323412
191217	1112	107707	95	VWZP01009737.1	357263
191218	1113	107802	96	VWZP01009737.1	367981
191433	1114	107898	95	VWZP01009758.1	89110
192039	1115	107993	95	VWZP01009762.1	1050648
192057	1116	108088	97	VWZP01009762.1	1092463
192069	1117	108185	96	VWZP01009762.1	1109685
192340	1118	108281	95	VWZP01009762.1	2026554
192435	1119	108376	96	VWZP01009766.1	117418
192575	1120	108472	95	VWZP01009783.1	70676
192579	1121	108567	96	VWZP01009783.1	77848
192596	1122	108663	96	VWZP01009783.1	117984
193123	1123	108759	96	VWZP01009788.1	87525
193267	1124	108855	95	VWZP01009794.1	530198
193304	1125	108950	97	VWZP01009794.1	644939
193470	1126	109047	96	VWZP01009794.1	1127431
193506	1127	109143	99	VWZP01009794.1	1217999
193529	1128	109242	95	VWZP01009794.1	1268280
193767	1129	109337	95	VWZP01009794.1	2047169
193881	1130	109432	96	VWZP01009794.1	2391416
193898	1131	109528	120	VWZP01009794.1	2446212
193922	1132	109648	95	VWZP01009794.1	2524473
193968	1133	109743	96	VWZP01009794.1	2636348
193993	1134	109839	96	VWZP01009794.1	2696833
194330	1135	109935	96	VWZP01009852.1	94731
194418	1136	110031	97	VWZP01009871.1	187561
194837	1137	110128	96	VWZP01009871.1	2338373
195015	1138	110224	96	VWZP01009871.1	3154492
195403	1139	110320	95	VWZP01009880.1	125170
195612	1140	110415	96	VWZP01009881.1	177807
195720	1141	110511	98	VWZP01009881.1	489853
195736	1142	110609	96	VWZP01009881.1	517965
195867	1143	110705	96	VWZP01009881.1	858701
195940	1144	110801	95	VWZP01009881.1	988417
196021	1145	110896	96	VWZP01009881.1	1240943
196035	1146	110992	96	VWZP01009881.1	1271938
196257	1147	111088	95	VWZP01009881.1	1912142
196360	1148	111183	95	VWZP01009885.1	118091
196462	1149	111278	96	VWZP01009889.1	33018
196602	1150	111374	96	VWZP01009909.1	573
196635	1151	111470	102	VWZP01009912.1	39024
196668	1152	111572	97	VWZP01009912.1	224702
196784	1153	111669	96	VWZP01009912.1	672665
197602	1154	111765	96	VWZP01009918.1	70767
197607	1155	111861	96	VWZP01009918.1	80048
197768	1156	111957	96	VWZP01009918.1	771362
198152	1157	112053	95	VWZP01009918.1	2491151
198189	1158	112148	96	VWZP01009918.1	2678600
198215	1159	112244	96	VWZP01009921.1	57945
198282	1160	112340	100	VWZP01009921.1	377523
198369	1161	112440	109	VWZP01009921.1	749603
198528	1162	112549	96	VWZP01009930.1	98826
198554	1163	112645	95	VWZP01009933.1	73265
198600	1164	112740	96	VWZP01009933.1	224522
198732	1165	112836	96	VWZP01009939.1	127082
198832	1166	112932	95	VWZP01009941.1	290527
198866	1167	113027	96	VWZP01009941.1	419044
198875	1168	113123	96	VWZP01009941.1	448203
198879	1169	113219	96	VWZP01009941.1	480735
199446	1170	113315	103	VWZP01009941.1	2324584
199469	1171	113418	96	VWZP01009941.1	2426619
199538	1172	113514	101	VWZP01009941.1	2570052
199608	1173	113615	97	VWZP01009941.1	2753321
199904	1174	113712	95	VWZP01009941.1	3984177
199916	1175	113807	96	VWZP01009941.1	4036767
200233	1176	113903	100	VWZP01009943.1	501019
200406	1177	114003	97	VWZP01009947.1	256522
200582	1178	114100	99	VWZP01009947.1	1108991
200747	1179	114199	96	VWZP01009947.1	2104825
200843	1180	114295	95	VWZP01009947.1	2647044
200980	1181	114390	95	VWZP01009951.1	168128
201058	1182	114485	96	VWZP01009951.1	723226
201591	1183	114581	96	VWZP01009979.1	345371
201694	1184	114677	96	VWZP01009979.1	658731
202576	1185	114773	97	VWZP01010151.1	1766146
202588	1186	114870	122	VWZP01010151.1	1820525
202615	1187	114992	96	VWZP01010151.1	1927112
202868	1188	115088	100	VWZP01010156.1	155248
203021	1189	115188	95	VWZP01010159.1	14374
203364	1190	115283	97	VWZP01010162.1	53579
203531	1191	115380	95	VWZP01010162.1	564522
203656	1192	115475	96	VWZP01010162.1	980552
203865	1193	115571	96	VWZP01010174.1	100411
203959	1194	115667	96	VWZP01010183.1	159310
204085	1195	115763	96	VWZP01010210.1	17281
204243	1196	115859	96	VWZP01010230.1	451905
204264	1197	115955	98	VWZP01010237.1	54459
204342	1198	116053	98	VWZP01010268.1	209700
205357	1199	116151	95	VWZP01010273.1	3011979
205396	1200	116246	98	VWZP01010280.1	41827
205430	1201	116344	95	VWZP01010280.1	173445
205495	1202	116439	98	VWZP01010280.1	405555
205603	1203	116537	101	VWZP01010280.1	701694
205640	1204	116638	101	VWZP01010280.1	787496
205711	1205	116739	101	VWZP01010282.1	218980
205718	1206	116840	96	VWZP01010282.1	236519
205849	1207	116936	95	VWZP01010282.1	590343
205974	1208	117031	97	VWZP01010284.1	141706
206159	1209	117128	96	VWZP01010309.1	60560
206220	1210	117224	96	VWZP01010309.1	340263
206237	1211	117320	95	VWZP01010309.1	430071
206634	1212	117415	96	VWZP01010350.1	717690
206868	1213	117511	96	VWZP01010350.1	1466599
206887	1214	117607	96	VWZP01010350.1	1523262
206980	1215	117703	97	VWZP01010350.1	1810217
207065	1216	117800	97	VWZP01010350.1	2062228
207137	1217	117897	96	VWZP01010350.1	2233159
207227	1218	117993	95	VWZP01010350.1	2502272
207301	1219	118088	96	VWZP01010350.1	2716289
207320	1220	118184	96	VWZP01010350.1	2763395
207475	1221	118280	95	VWZP01010353.1	448994
207581	1222	118375	96	VWZP01010358.1	28372
207635	1223	118471	110	VWZP01010358.1	179196
207934	1224	118581	96	VWZP01010367.1	673564
207984	1225	118677	95	VWZP01010430.1	36452
208034	1226	118772	97	VWZP01010430.1	339799
208113	1227	118869	95	VWZP01010435.1	381510
208114	1228	118964	98	VWZP01010435.1	546984
208305	1229	119062	96	VWZP01010450.1	157166
208323	1230	119158	95	VWZP01010450.1	210974
208445	1231	119253	97	VWZP01010453.1	222740
208905	1232	119350	95	VWZP01010557.1	218025
209026	1233	119445	96	VWZP01010561.1	336000
209097	1234	119541	95	VWZP01010561.1	593433
209108	1235	119636	96	VWZP01010561.1	621590
209274	1236	119732	96	VWZP01010576.1	784629
209389	1237	119828	96	VWZP01010707.1	38752
209453	1238	119924	95	VWZP01010713.1	72212
209641	1239	120019	98	VWZP01010715.1	417948
209647	1240	120117	95	VWZP01010715.1	421718
209682	1241	120212	101	VWZP01010715.1	587123
209792	1242	120313	95	VWZP01010715.1	956164
209837	1243	120408	95	VWZP01010715.1	1100436
209968	1244	120503	95	VWZP01010715.1	1435160
210058	1245	120598	96	VWZP01010715.1	1762933
210143	1246	120694	96	VWZP01010715.1	2113329
210228	1247	120790	97	VWZP01010715.1	2448418
210971	1248	120887	96	VWZP01010724.1	1849511
211026	1249	120983	96	VWZP01010724.1	2059494
211179	1250	121079	96	VWZP01010724.1	2787584
211302	1251	121175	110	VWZP01010724.1	3297618
211440	1252	121285	100	VWZP01010724.1	3940326
211595	1253	121385	96	VWZP01010724.1	4817680
211893	1254	121481	96	VWZP01010741.1	332284
211950	1255	121577	96	VWZP01010741.1	564505
212514	1256	121673	97	VWZP01010878.1	218143
212566	1257	121770	103	VWZP01010878.1	428404
212842	1258	121873	96	VWZP01010881.1	1209644
212905	1259	121969	96	VWZP01010881.1	1878241
213000	1260	122065	95	VWZP01010888.1	272315
213227	1261	122160	96	VWZP01010904.1	111879
213262	1262	122256	96	VWZP01010904.1	198887
213330	1263	122352	98	VWZP01010904.1	392630
213421	1264	122450	95	VWZP01010904.1	699242
213624	1265	122545	97	VWZP01010904.1	1395719
213678	1266	122642	96	VWZP01010904.1	1637722
213706	1267	122738	95	VWZP01010904.1	1717709
213889	1268	122833	95	VWZP01010904.1	2268548
214136	1269	122928	97	VWZP01010904.1	3026930
214261	1270	123025	97	VWZP01010904.1	3354950
214833	1271	123122	101	VWZP01010904.1	4975437
215037	1272	123223	97	VWZP01010904.1	5629607
215066	1273	123320	96	VWZP01010904.1	5726377
215077	1274	123416	99	VWZP01010904.1	5753768
215171	1275	123515	106	VWZP01010904.1	6022937
215200	1276	123621	97	VWZP01010904.1	6154041
215232	1277	123718	97	VWZP01010904.1	6227810
215240	1278	123815	95	VWZP01010904.1	6241304
215313	1279	123910	95	VWZP01010904.1	6412587
215621	1280	124005	95	VWZP01010941.1	335342
216021	1281	124100	96	VWZP01010941.1	2371034
216418	1282	124196	96	VWZP01010949.1	453361
216530	1283	124292	96	VWZP01010953.1	62721
216556	1284	124388	96	VWZP01010953.1	142346
216645	1285	124484	96	VWZP01010953.1	477298
217203	1286	124580	97	VWZP01010965.1	545082
217380	1287	124677	101	VWZP01010966.1	142626
217492	1288	124778	99	VWZP01010966.1	416836
217569	1289	124877	97	VWZP01010966.1	642572
217790	1290	124974	96	VWZP01010997.1	921069
218329	1291	125070	96	VWZP01016760.1	171468
218331	1292	125166	95	VWZP01016760.1	172767
218469	1293	125261	95	VWZP01016760.1	676975
218950	1294	125356	96	VWZP01016764.1	754210
